<?xml version="1.0" encoding="UTF-8"?>
<testng-results skipped="0" failed="0" ignored="0" total="1" passed="1">
  <reporter-output>
  </reporter-output>
  <suite name="Default suite" duration-ms="17252" started-at="2018-04-17T00:55:11Z" finished-at="2018-04-17T00:55:28Z">
    <groups>
    </groups>
    <test name="Default test" duration-ms="17252" started-at="2018-04-17T00:55:11Z" finished-at="2018-04-17T00:55:28Z">
      <class name="Examples.FirtsTest">
        <test-method status="PASS" signature="LauchFirstTest()[pri:0, instance:Examples.FirtsTest@51efea79]" name="LauchFirstTest" duration-ms="17221" started-at="2018-04-16T19:55:11Z" finished-at="2018-04-16T19:55:28Z">
          <reporter-output>
          </reporter-output>
        </test-method> <!-- LauchFirstTest -->
      </class> <!-- Examples.FirtsTest -->
    </test> <!-- Default test -->
  </suite> <!-- Default suite -->
</testng-results>
